{"level":"info","message":"Received request for root endpoint","service":"acquisitions-api"}
{"level":"info","message":"::ffff:127.0.0.1 - - [07/Dec/2025:14:11:07 +0000] \"GET / HTTP/1.1\" 304 - \"-\" \"Mozilla/5.0 (X11; Ubuntu; Linux x86_64; rv:145.0) Gecko/20100101 Firefox/145.0\"","service":"acquisitions-api"}
{"level":"info","message":"Received request for root endpoint","service":"acquisitions-api"}
{"level":"info","message":"::ffff:127.0.0.1 - - [07/Dec/2025:14:11:11 +0000] \"GET / HTTP/1.1\" 200 27 \"-\" \"Mozilla/5.0 (X11; Ubuntu; Linux x86_64; rv:145.0) Gecko/20100101 Firefox/145.0\"","service":"acquisitions-api"}
{"level":"info","message":"Received request for root endpoint","service":"acquisitions-api"}
{"level":"info","message":"::ffff:127.0.0.1 - - [07/Dec/2025:15:15:00 +0000] \"GET / HTTP/1.1\" 200 27 \"-\" \"Mozilla/5.0 (X11; Ubuntu; Linux x86_64; rv:145.0) Gecko/20100101 Firefox/145.0\"","service":"acquisitions-api"}
{"level":"info","message":"Received request for root endpoint","service":"acquisitions-api"}
{"level":"info","message":"::1 - - [07/Dec/2025:15:53:51 +0000] \"GET / HTTP/1.1\" 200 27 \"-\" \"PostmanRuntime/7.49.1\"","service":"acquisitions-api"}
{"level":"info","message":"::1 - - [07/Dec/2025:16:04:28 +0000] \"GET /api HTTP/1.1\" 200 62 \"-\" \"PostmanRuntime/7.49.1\"","service":"acquisitions-api"}
{"level":"info","message":"::1 - - [07/Dec/2025:16:04:54 +0000] \"GET /health HTTP/1.1\" 200 78 \"-\" \"PostmanRuntime/7.49.1\"","service":"acquisitions-api"}
{"level":"info","message":"::1 - - [07/Dec/2025:16:05:42 +0000] \"POST /api/auth/sign-in HTTP/1.1\" 404 156 \"-\" \"PostmanRuntime/7.49.1\"","service":"acquisitions-api"}
{"level":"info","message":"::1 - - [07/Dec/2025:16:06:54 +0000] \"POST /api/auth/sign-up%20 HTTP/1.1\" 404 159 \"-\" \"PostmanRuntime/7.49.1\"","service":"acquisitions-api"}
{"level":"info","message":"::1 - - [07/Dec/2025:16:07:23 +0000] \"POST /api/auth/sign-up HTTP/1.1\" 200 30 \"-\" \"PostmanRuntime/7.49.1\"","service":"acquisitions-api"}
{"level":"info","message":"::1 - - [07/Dec/2025:17:52:49 +0000] \"POST /api/auth/sign-up HTTP/1.1\" 200 30 \"-\" \"PostmanRuntime/7.49.1\"","service":"acquisitions-api"}
{"level":"info","message":"::1 - - [07/Dec/2025:18:47:16 +0000] \"POST /api/auth/sign-up HTTP/1.1\" 400 144 \"-\" \"PostmanRuntime/7.49.1\"","service":"acquisitions-api"}
{"level":"info","message":"::1 - - [07/Dec/2025:18:49:45 +0000] \"POST /api/auth/sign-up HTTP/1.1\" 400 196 \"-\" \"PostmanRuntime/7.49.1\"","service":"acquisitions-api"}
{"level":"error","message":"Error creating the user: Error: Failed query: insert into \"users\" (\"id\", \"name\", \"email\", \"password\", \"role\", \"created_at\", \"updated_at\") values (default, $1, $2, $3, $4, default, default) returning \"id\", \"name\", \"email\", \"role\", \"created_at\"\nparams: Admin,admin@admin.com,$2b$10$MVX9wx5KbhZMKPsILbNU8eXWiskea4sHsTkHVycC4f2r.BS3uy43m,admin","service":"acquisitions-api"}
{"cause":{"code":"23502","column":"created_at","detail":"Failing row contains (1, Admin, admin@admin.com, $2b$10$MVX9wx5KbhZMKPsILbNU8eXWiskea4sHsTkHVycC4f2r.BS3uy43m, admin, null, null).","file":"execMain.c","line":"2032","name":"NeonDbError","routine":"ExecConstraints","schema":"public","severity":"ERROR","table":"users"},"level":"error","message":"Signup error Failed query: insert into \"users\" (\"id\", \"name\", \"email\", \"password\", \"role\", \"created_at\", \"updated_at\") values (default, $1, $2, $3, $4, default, default) returning \"id\", \"name\", \"email\", \"role\", \"created_at\"\nparams: Admin,admin@admin.com,$2b$10$MVX9wx5KbhZMKPsILbNU8eXWiskea4sHsTkHVycC4f2r.BS3uy43m,admin","params":["Admin","admin@admin.com","$2b$10$MVX9wx5KbhZMKPsILbNU8eXWiskea4sHsTkHVycC4f2r.BS3uy43m","admin"],"query":"insert into \"users\" (\"id\", \"name\", \"email\", \"password\", \"role\", \"created_at\", \"updated_at\") values (default, $1, $2, $3, $4, default, default) returning \"id\", \"name\", \"email\", \"role\", \"created_at\"","service":"acquisitions-api","stack":"Error: Failed query: insert into \"users\" (\"id\", \"name\", \"email\", \"password\", \"role\", \"created_at\", \"updated_at\") values (default, $1, $2, $3, $4, default, default) returning \"id\", \"name\", \"email\", \"role\", \"created_at\"\nparams: Admin,admin@admin.com,$2b$10$MVX9wx5KbhZMKPsILbNU8eXWiskea4sHsTkHVycC4f2r.BS3uy43m,admin\n    at NeonHttpPreparedQuery.queryWithCache (file:///home/brian/code/acquisition/node_modules/drizzle-orm/pg-core/session.js:41:15)\n    at process.processTicksAndRejections (node:internal/process/task_queues:103:5)\n    at async NeonHttpPreparedQuery.execute (file:///home/brian/code/acquisition/node_modules/drizzle-orm/neon-http/session.js:45:20)\n    at async createUser (file:///home/brian/code/acquisition/src/services/auth.service.js:38:23)\n    at async signup (file:///home/brian/code/acquisition/src/controller/auth.controller.js:21:18)"}
{"level":"info","message":"::1 - - [07/Dec/2025:18:51:28 +0000] \"POST /api/auth/sign-up HTTP/1.1\" 500 1182 \"-\" \"PostmanRuntime/7.49.1\"","service":"acquisitions-api"}
{"level":"error","message":"Error creating the user: Error: Failed query: insert into \"users\" (\"id\", \"name\", \"email\", \"password\", \"role\", \"created_at\", \"updated_at\") values (default, $1, $2, $3, $4, default, default) returning \"id\", \"name\", \"email\", \"role\", \"created_at\"\nparams: admin,admin@admin.com,$2b$10$aRDQDGdF7ArIBtZIffNkDO5OpObqpHTrQcjFgi9Rg0DtJeVsAWcGy,admin","service":"acquisitions-api"}
{"cause":{"code":"23502","column":"created_at","detail":"Failing row contains (2, admin, admin@admin.com, $2b$10$aRDQDGdF7ArIBtZIffNkDO5OpObqpHTrQcjFgi9Rg0DtJeVsAWcGy, admin, null, null).","file":"execMain.c","line":"2032","name":"NeonDbError","routine":"ExecConstraints","schema":"public","severity":"ERROR","table":"users"},"level":"error","message":"Signup error Failed query: insert into \"users\" (\"id\", \"name\", \"email\", \"password\", \"role\", \"created_at\", \"updated_at\") values (default, $1, $2, $3, $4, default, default) returning \"id\", \"name\", \"email\", \"role\", \"created_at\"\nparams: admin,admin@admin.com,$2b$10$aRDQDGdF7ArIBtZIffNkDO5OpObqpHTrQcjFgi9Rg0DtJeVsAWcGy,admin","params":["admin","admin@admin.com","$2b$10$aRDQDGdF7ArIBtZIffNkDO5OpObqpHTrQcjFgi9Rg0DtJeVsAWcGy","admin"],"query":"insert into \"users\" (\"id\", \"name\", \"email\", \"password\", \"role\", \"created_at\", \"updated_at\") values (default, $1, $2, $3, $4, default, default) returning \"id\", \"name\", \"email\", \"role\", \"created_at\"","service":"acquisitions-api","stack":"Error: Failed query: insert into \"users\" (\"id\", \"name\", \"email\", \"password\", \"role\", \"created_at\", \"updated_at\") values (default, $1, $2, $3, $4, default, default) returning \"id\", \"name\", \"email\", \"role\", \"created_at\"\nparams: admin,admin@admin.com,$2b$10$aRDQDGdF7ArIBtZIffNkDO5OpObqpHTrQcjFgi9Rg0DtJeVsAWcGy,admin\n    at NeonHttpPreparedQuery.queryWithCache (file:///home/brian/code/acquisition/node_modules/drizzle-orm/pg-core/session.js:41:15)\n    at process.processTicksAndRejections (node:internal/process/task_queues:103:5)\n    at async NeonHttpPreparedQuery.execute (file:///home/brian/code/acquisition/node_modules/drizzle-orm/neon-http/session.js:45:20)\n    at async createUser (file:///home/brian/code/acquisition/src/services/auth.service.js:38:23)\n    at async signup (file:///home/brian/code/acquisition/src/controller/auth.controller.js:21:18)"}
{"level":"info","message":"::1 - - [07/Dec/2025:18:54:13 +0000] \"POST /api/auth/sign-up HTTP/1.1\" 500 1182 \"-\" \"PostmanRuntime/7.49.1\"","service":"acquisitions-api"}
{"level":"error","message":"Error creating the user: Error: Failed query: insert into \"users\" (\"id\", \"name\", \"email\", \"password\", \"role\", \"created_at\", \"updated_at\") values (default, $1, $2, $3, $4, default, default) returning \"id\", \"name\", \"email\", \"role\", \"created_at\"\nparams: admin,admin@admin.com,$2b$10$4WyCbClIWWOSqU7BKU0AmOpkzfqZKFee3fHZwfkEJlHPVV/jtVOWC,admin","service":"acquisitions-api"}
{"cause":{"code":"23502","column":"created_at","detail":"Failing row contains (3, admin, admin@admin.com, $2b$10$4WyCbClIWWOSqU7BKU0AmOpkzfqZKFee3fHZwfkEJlHPVV/jtVOWC, admin, null, null).","file":"execMain.c","line":"2032","name":"NeonDbError","routine":"ExecConstraints","schema":"public","severity":"ERROR","table":"users"},"level":"error","message":"Signup error Failed query: insert into \"users\" (\"id\", \"name\", \"email\", \"password\", \"role\", \"created_at\", \"updated_at\") values (default, $1, $2, $3, $4, default, default) returning \"id\", \"name\", \"email\", \"role\", \"created_at\"\nparams: admin,admin@admin.com,$2b$10$4WyCbClIWWOSqU7BKU0AmOpkzfqZKFee3fHZwfkEJlHPVV/jtVOWC,admin","params":["admin","admin@admin.com","$2b$10$4WyCbClIWWOSqU7BKU0AmOpkzfqZKFee3fHZwfkEJlHPVV/jtVOWC","admin"],"query":"insert into \"users\" (\"id\", \"name\", \"email\", \"password\", \"role\", \"created_at\", \"updated_at\") values (default, $1, $2, $3, $4, default, default) returning \"id\", \"name\", \"email\", \"role\", \"created_at\"","service":"acquisitions-api","stack":"Error: Failed query: insert into \"users\" (\"id\", \"name\", \"email\", \"password\", \"role\", \"created_at\", \"updated_at\") values (default, $1, $2, $3, $4, default, default) returning \"id\", \"name\", \"email\", \"role\", \"created_at\"\nparams: admin,admin@admin.com,$2b$10$4WyCbClIWWOSqU7BKU0AmOpkzfqZKFee3fHZwfkEJlHPVV/jtVOWC,admin\n    at NeonHttpPreparedQuery.queryWithCache (file:///home/brian/code/acquisition/node_modules/drizzle-orm/pg-core/session.js:41:15)\n    at process.processTicksAndRejections (node:internal/process/task_queues:103:5)\n    at async NeonHttpPreparedQuery.execute (file:///home/brian/code/acquisition/node_modules/drizzle-orm/neon-http/session.js:45:20)\n    at async createUser (file:///home/brian/code/acquisition/src/services/auth.service.js:38:23)\n    at async signup (file:///home/brian/code/acquisition/src/controller/auth.controller.js:21:18)"}
{"level":"info","message":"::1 - - [07/Dec/2025:18:57:29 +0000] \"POST /api/auth/sign-up HTTP/1.1\" 500 1182 \"-\" \"PostmanRuntime/7.49.1\"","service":"acquisitions-api"}
{"level":"info","message":"User admin@admin.com created successfully","service":"acquisitions-api"}
{"level":"error","message":"Signup error jwttoken.sign is not a function","service":"acquisitions-api","stack":"TypeError: jwttoken.sign is not a function\n    at signup (file:///home/brian/code/acquisition/src/controller/auth.controller.js:23:28)\n    at process.processTicksAndRejections (node:internal/process/task_queues:103:5)"}
{"level":"info","message":"::1 - - [07/Dec/2025:19:00:23 +0000] \"POST /api/auth/sign-up HTTP/1.1\" 500 370 \"-\" \"PostmanRuntime/7.49.1\"","service":"acquisitions-api"}
{"level":"error","message":"Error creating the user: Error: User with this email already exists","service":"acquisitions-api"}
{"level":"error","message":"Signup error User with this email already exists","service":"acquisitions-api","stack":"Error: User with this email already exists\n    at createUser (file:///home/brian/code/acquisition/src/services/auth.service.js:34:13)\n    at process.processTicksAndRejections (node:internal/process/task_queues:103:5)\n    at async signup (file:///home/brian/code/acquisition/src/controller/auth.controller.js:21:18)"}
{"level":"info","message":"::1 - - [07/Dec/2025:19:01:42 +0000] \"POST /api/auth/sign-up HTTP/1.1\" 409 31 \"-\" \"PostmanRuntime/7.49.1\"","service":"acquisitions-api"}
{"level":"info","message":"User admin1@admin.com created successfully","service":"acquisitions-api"}
{"level":"info","message":"User registered successfully: admin1@admin.com","service":"acquisitions-api"}
{"level":"info","message":"::1 - - [07/Dec/2025:19:01:57 +0000] \"POST /api/auth/sign-up HTTP/1.1\" 201 103 \"-\" \"PostmanRuntime/7.49.1\"","service":"acquisitions-api"}
{"level":"info","message":"::1 - - [07/Dec/2025:20:08:16 +0000] \"POST /api/auth/sign-in HTTP/1.1\" 404 156 \"-\" \"PostmanRuntime/7.49.1\"","service":"acquisitions-api"}
{"level":"info","message":"User admin1@admin.com authenticated successfully","service":"acquisitions-api"}
{"level":"info","message":"User logged in successfully: admin1@admin.com","service":"acquisitions-api"}
{"level":"info","message":"::1 - - [07/Dec/2025:20:09:04 +0000] \"POST /api/auth/login HTTP/1.1\" 200 102 \"-\" \"PostmanRuntime/7.49.1\"","service":"acquisitions-api"}
{"level":"info","message":"User logged out successfully","service":"acquisitions-api"}
{"level":"info","message":"::1 - - [07/Dec/2025:20:09:44 +0000] \"POST /api/auth/logout HTTP/1.1\" 200 29 \"-\" \"PostmanRuntime/7.49.1\"","service":"acquisitions-api"}
{"ip":"::1","level":"warn","message":"Bot request blocked","path":"/health","service":"acquisitions-api","userAgent":"PostmanRuntime/7.49.1"}
{"level":"info","message":"::1 - - [07/Dec/2025:20:36:02 +0000] \"GET /health HTTP/1.1\" 403 68 \"-\" \"PostmanRuntime/7.49.1\"","service":"acquisitions-api"}
{"ip":"::1","level":"warn","message":"Bot request blocked","path":"/health","service":"acquisitions-api","userAgent":"PostmanRuntime/7.49.1"}
{"level":"info","message":"::1 - - [07/Dec/2025:20:37:26 +0000] \"GET /health HTTP/1.1\" 403 68 \"-\" \"PostmanRuntime/7.49.1\"","service":"acquisitions-api"}
{"ip":"::ffff:127.0.0.1","level":"warn","message":"Bot request blocked","path":"/","service":"acquisitions-api","userAgent":"Mozilla/5.0 (X11; Ubuntu; Linux x86_64; rv:145.0) Gecko/20100101 Firefox/145.0"}
{"level":"info","message":"::ffff:127.0.0.1 - - [07/Dec/2025:20:38:16 +0000] \"GET / HTTP/1.1\" 403 68 \"-\" \"Mozilla/5.0 (X11; Ubuntu; Linux x86_64; rv:145.0) Gecko/20100101 Firefox/145.0\"","service":"acquisitions-api"}
{"ip":"::ffff:127.0.0.1","level":"warn","message":"Bot request blocked","path":"/favicon.ico","service":"acquisitions-api","userAgent":"Mozilla/5.0 (X11; Ubuntu; Linux x86_64; rv:145.0) Gecko/20100101 Firefox/145.0"}
{"level":"info","message":"::ffff:127.0.0.1 - - [07/Dec/2025:20:38:17 +0000] \"GET /favicon.ico HTTP/1.1\" 403 68 \"-\" \"Mozilla/5.0 (X11; Ubuntu; Linux x86_64; rv:145.0) Gecko/20100101 Firefox/145.0\"","service":"acquisitions-api"}
{"level":"info","message":"Received request for root endpoint","service":"acquisitions-api"}
{"level":"info","message":"::ffff:127.0.0.1 - - [07/Dec/2025:20:44:58 +0000] \"GET / HTTP/1.1\" 200 27 \"-\" \"Mozilla/5.0 (X11; Ubuntu; Linux x86_64; rv:145.0) Gecko/20100101 Firefox/145.0\"","service":"acquisitions-api"}
{"level":"info","message":"::ffff:127.0.0.1 - - [07/Dec/2025:20:44:58 +0000] \"GET /favicon.ico HTTP/1.1\" - - \"-\" \"Mozilla/5.0 (X11; Ubuntu; Linux x86_64; rv:145.0) Gecko/20100101 Firefox/145.0\"","service":"acquisitions-api"}
{"level":"info","message":"Received request for root endpoint","service":"acquisitions-api"}
{"level":"info","message":"::ffff:127.0.0.1 - - [07/Dec/2025:20:45:03 +0000] \"GET / HTTP/1.1\" 304 - \"-\" \"Mozilla/5.0 (X11; Ubuntu; Linux x86_64; rv:145.0) Gecko/20100101 Firefox/145.0\"","service":"acquisitions-api"}
{"level":"info","message":"Received request for root endpoint","service":"acquisitions-api"}
{"level":"info","message":"::ffff:127.0.0.1 - - [07/Dec/2025:20:45:05 +0000] \"GET / HTTP/1.1\" 304 - \"-\" \"Mozilla/5.0 (X11; Ubuntu; Linux x86_64; rv:145.0) Gecko/20100101 Firefox/145.0\"","service":"acquisitions-api"}
{"level":"info","message":"::1 - - [07/Dec/2025:20:45:13 +0000] \"GET /health HTTP/1.1\" 200 76 \"-\" \"PostmanRuntime/7.49.1\"","service":"acquisitions-api"}
{"level":"info","message":"::1 - - [07/Dec/2025:20:45:15 +0000] \"GET /health HTTP/1.1\" 200 76 \"-\" \"PostmanRuntime/7.49.1\"","service":"acquisitions-api"}
{"ip":"::1","level":"warn","message":"Rate limit exceeded","path":"/health","service":"acquisitions-api","userAgent":"PostmanRuntime/7.49.1"}
{"level":"info","message":"::1 - - [07/Dec/2025:20:45:16 +0000] \"GET /health HTTP/1.1\" 403 51 \"-\" \"PostmanRuntime/7.49.1\"","service":"acquisitions-api"}
{"ip":"::1","level":"warn","message":"Rate limit exceeded","path":"/health","service":"acquisitions-api","userAgent":"PostmanRuntime/7.49.1"}
{"level":"info","message":"::1 - - [07/Dec/2025:20:45:17 +0000] \"GET /health HTTP/1.1\" 403 51 \"-\" \"PostmanRuntime/7.49.1\"","service":"acquisitions-api"}
